Build started 11/18/2015 7:26:30 PM.
     1>Project "C:\Users\eugen_000\Desktop\ParticleEngine\ParticleSystem\ParticleSystem\ParticleSystem.vcxproj" on node 2 (Build target(s)).
     1>ClCompile:
         C:\Program Files (x86)\Microsoft Visual Studio 12.0\VC\bin\CL.exe /c /ZI /nologo /W3 /WX- /sdl /Od /Oy- /D _MBCS /Gm /EHsc /RTC1 /MDd /GS /fp:precise /Zc:wchar_t /Zc:forScope /Fo"Debug\\" /Fd"Debug\vc120.pdb" /Gd /TP /analyze- /errorReport:prompt Main.cpp Particle.cpp ParticleSystem.cpp
         ParticleSystem.cpp
     1>c:\users\eugen_000\desktop\particleengine\particlesystem\particlesystem\particlesystem.cpp(37): warning C4018: '<' : signed/unsigned mismatch
     1>c:\users\eugen_000\desktop\particleengine\particlesystem\particlesystem\particlesystem.cpp(52): warning C4018: '<' : signed/unsigned mismatch
     1>c:\users\eugen_000\desktop\particleengine\particlesystem\particlesystem\particlesystem.cpp(57): warning C4018: '<' : signed/unsigned mismatch
     1>c:\users\eugen_000\desktop\particleengine\particlesystem\particlesystem\particlesystem.cpp(118): warning C4244: '=' : conversion from 'float' to 'int', possible loss of data
     1>c:\users\eugen_000\desktop\particleengine\particlesystem\particlesystem\particlesystem.cpp(140): warning C4018: '<' : signed/unsigned mismatch
         Particle.cpp
     1>c:\users\eugen_000\desktop\particleengine\particlesystem\particlesystem\particle.cpp(37): warning C4244: '=' : conversion from 'const int' to 'float', possible loss of data
         Generating Code...
         Skipping... (no relevant changes detected)
         Main.cpp
       Link:
         C:\Program Files (x86)\Microsoft Visual Studio 12.0\VC\bin\link.exe /ERRORREPORT:PROMPT /OUT:"C:\Users\eugen_000\Desktop\ParticleEngine\ParticleSystem\Debug\ParticleSystem.exe" /INCREMENTAL /NOLOGO "sfml-graphics-d.lib" "sfml-window-d.lib" "sfml-system-d.lib" kernel32.lib user32.lib gdi32.lib winspool.lib comdlg32.lib advapi32.lib shell32.lib ole32.lib oleaut32.lib uuid.lib odbc32.lib odbccp32.lib /MANIFEST /MANIFESTUAC:"level='asInvoker' uiAccess='false'" /manifest:embed /DEBUG /PDB:"C:\Users\eugen_000\Desktop\ParticleEngine\ParticleSystem\Debug\ParticleSystem.pdb" /TLBID:1 /DYNAMICBASE /NXCOMPAT /IMPLIB:"C:\Users\eugen_000\Desktop\ParticleEngine\ParticleSystem\Debug\ParticleSystem.lib" /MACHINE:X86 Debug\Main.obj
         Debug\Particle.obj
         Debug\ParticleSystem.obj
         ParticleSystem.vcxproj -> C:\Users\eugen_000\Desktop\ParticleEngine\ParticleSystem\Debug\ParticleSystem.exe
     1>Done Building Project "C:\Users\eugen_000\Desktop\ParticleEngine\ParticleSystem\ParticleSystem\ParticleSystem.vcxproj" (Build target(s)).

Build succeeded.

Time Elapsed 00:00:01.39
